2024-04-14 16:26:07.886 [info] Extension host with pid 152298 started
2024-04-14 16:26:07.886 [error] Error: EEXIST: file already exists, open '/home/admin/.vscode-server/data/User/workspaceStorage/77b26898b2dec31291d79259172bd01b/vscode.lock'
2024-04-14 16:26:07.891 [info] Lock '/home/admin/.vscode-server/data/User/workspaceStorage/77b26898b2dec31291d79259172bd01b/vscode.lock': Could not acquire lock, checking if the file is stale.
2024-04-14 16:26:07.901 [info] Lock '/home/admin/.vscode-server/data/User/workspaceStorage/77b26898b2dec31291d79259172bd01b/vscode.lock': The lock does not look stale, elapsed: 898 ms, giving up.
2024-04-14 16:26:07.918 [error] Error: EEXIST: file already exists, open '/home/admin/.vscode-server/data/User/workspaceStorage/77b26898b2dec31291d79259172bd01b-1/vscode.lock'
2024-04-14 16:26:07.920 [info] Lock '/home/admin/.vscode-server/data/User/workspaceStorage/77b26898b2dec31291d79259172bd01b-1/vscode.lock': Could not acquire lock, checking if the file is stale.
2024-04-14 16:26:07.921 [info] Lock '/home/admin/.vscode-server/data/User/workspaceStorage/77b26898b2dec31291d79259172bd01b-1/vscode.lock': The lock does not look stale, elapsed: 204 ms, giving up.
2024-04-14 16:26:07.928 [info] Lock '/home/admin/.vscode-server/data/User/workspaceStorage/77b26898b2dec31291d79259172bd01b-2/vscode.lock': Lock acquired.
2024-04-14 16:26:08.207 [info] ExtensionService#_doActivateExtension vscode.typescript-language-features, startup: false, activationEvent: 'onLanguage:javascript'
2024-04-14 16:26:08.208 [info] ExtensionService#_doActivateExtension vscode.emmet, startup: false, activationEvent: 'onLanguage'
2024-04-14 16:26:08.885 [info] ExtensionService#_doActivateExtension vscode.git-base, startup: true, activationEvent: '*', root cause: vscode.git
2024-04-14 16:26:08.949 [info] ExtensionService#_doActivateExtension vscode.npm, startup: true, activationEvent: 'workspaceContains:package.json'
2024-04-14 16:26:09.252 [info] ExtensionService#_doActivateExtension vscode.git, startup: true, activationEvent: '*'
2024-04-14 16:26:09.259 [info] ExtensionService#_doActivateExtension vscode.github, startup: true, activationEvent: '*'
2024-04-14 16:26:09.649 [info] Eager extensions activated
2024-04-14 16:26:09.649 [info] ExtensionService#_doActivateExtension vscode.debug-auto-launch, startup: false, activationEvent: 'onStartupFinished'
2024-04-14 16:26:09.649 [info] ExtensionService#_doActivateExtension vscode.merge-conflict, startup: false, activationEvent: 'onStartupFinished'
2024-04-15 05:52:29.606 [info] Extension host terminating: renderer disconnected for too long (1)
2024-04-15 05:52:29.662 [info] Lock '/home/admin/.vscode-server/data/User/workspaceStorage/77b26898b2dec31291d79259172bd01b-2/vscode.lock': Marking the lockfile as scheduled to be released in 6000 ms.
2024-04-15 05:52:30.150 [info] Extension host with pid 152298 exiting with code 0
