npm ERR! Missing script: "start"
npm ERR! 
npm ERR! Did you mean one of these?
npm ERR!     npm star # Mark your favorite packages
npm ERR!     npm stars # View packages marked as favorites
npm ERR! 
npm ERR! To see a list of scripts, run:
npm ERR!   npm run

npm ERR! A complete log of this run can be found in:
npm ERR!     /home/admin/.npm/_logs/2024-04-10T15_27_08_399Z-debug-0.log
npm ERR! Missing script: "start"
npm ERR! 
npm ERR! Did you mean one of these?
npm ERR!     npm star # Mark your favorite packages
npm ERR!     npm stars # View packages marked as favorites
npm ERR! 
npm ERR! To see a list of scripts, run:
npm ERR!   npm run

npm ERR! A complete log of this run can be found in:
npm ERR!     /home/admin/.npm/_logs/2024-04-10T15_27_09_177Z-debug-0.log
npm ERR! Missing script: "start"
npm ERR! 
npm ERR! Did you mean one of these?
npm ERR!     npm star # Mark your favorite packages
npm ERR!     npm stars # View packages marked as favorites
npm ERR! 
npm ERR! To see a list of scripts, run:
npm ERR!   npm run

npm ERR! A complete log of this run can be found in:
npm ERR!     /home/admin/.npm/_logs/2024-04-10T15_27_09_879Z-debug-0.log
npm ERR! Missing script: "start"
npm ERR! 
npm ERR! Did you mean one of these?
npm ERR!     npm star # Mark your favorite packages
npm ERR!     npm stars # View packages marked as favorites
npm ERR! 
npm ERR! To see a list of scripts, run:
npm ERR!   npm run

npm ERR! A complete log of this run can be found in:
npm ERR!     /home/admin/.npm/_logs/2024-04-10T15_27_10_583Z-debug-0.log
npm ERR! Missing script: "start"
npm ERR! 
npm ERR! Did you mean one of these?
npm ERR!     npm star # Mark your favorite packages
npm ERR!     npm stars # View packages marked as favorites
npm ERR! 
npm ERR! To see a list of scripts, run:
npm ERR!   npm run

npm ERR! A complete log of this run can be found in:
npm ERR!     /home/admin/.npm/_logs/2024-04-10T15_27_11_304Z-debug-0.log
npm ERR! Missing script: "start"
npm ERR! 
npm ERR! Did you mean one of these?
npm ERR!     npm star # Mark your favorite packages
npm ERR!     npm stars # View packages marked as favorites
npm ERR! 
npm ERR! To see a list of scripts, run:
npm ERR!   npm run

npm ERR! A complete log of this run can be found in:
npm ERR!     /home/admin/.npm/_logs/2024-04-10T15_27_11_999Z-debug-0.log
npm ERR! Missing script: "start"
npm ERR! 
npm ERR! Did you mean one of these?
npm ERR!     npm star # Mark your favorite packages
npm ERR!     npm stars # View packages marked as favorites
npm ERR! 
npm ERR! To see a list of scripts, run:
npm ERR!   npm run

npm ERR! A complete log of this run can be found in:
npm ERR!     /home/admin/.npm/_logs/2024-04-10T15_27_12_687Z-debug-0.log
npm ERR! Missing script: "start"
npm ERR! 
npm ERR! Did you mean one of these?
npm ERR!     npm star # Mark your favorite packages
npm ERR!     npm stars # View packages marked as favorites
npm ERR! 
npm ERR! To see a list of scripts, run:
npm ERR!   npm run

npm ERR! A complete log of this run can be found in:
npm ERR!     /home/admin/.npm/_logs/2024-04-10T15_27_13_389Z-debug-0.log
npm ERR! Missing script: "start"
npm ERR! 
npm ERR! Did you mean one of these?
npm ERR!     npm star # Mark your favorite packages
npm ERR!     npm stars # View packages marked as favorites
npm ERR! 
npm ERR! To see a list of scripts, run:
npm ERR!   npm run

npm ERR! A complete log of this run can be found in:
npm ERR!     /home/admin/.npm/_logs/2024-04-10T15_27_14_048Z-debug-0.log
npm ERR! Missing script: "start"
npm ERR! 
npm ERR! Did you mean one of these?
npm ERR!     npm star # Mark your favorite packages
npm ERR!     npm stars # View packages marked as favorites
npm ERR! 
npm ERR! To see a list of scripts, run:
npm ERR!   npm run

npm ERR! A complete log of this run can be found in:
npm ERR!     /home/admin/.npm/_logs/2024-04-10T15_27_14_759Z-debug-0.log
npm ERR! Missing script: "start"
npm ERR! 
npm ERR! Did you mean one of these?
npm ERR!     npm star # Mark your favorite packages
npm ERR!     npm stars # View packages marked as favorites
npm ERR! 
npm ERR! To see a list of scripts, run:
npm ERR!   npm run

npm ERR! A complete log of this run can be found in:
npm ERR!     /home/admin/.npm/_logs/2024-04-10T15_27_15_427Z-debug-0.log
npm ERR! Missing script: "start"
npm ERR! 
npm ERR! Did you mean one of these?
npm ERR!     npm star # Mark your favorite packages
npm ERR!     npm stars # View packages marked as favorites
npm ERR! 
npm ERR! To see a list of scripts, run:
npm ERR!   npm run

npm ERR! A complete log of this run can be found in:
npm ERR!     /home/admin/.npm/_logs/2024-04-10T15_27_16_126Z-debug-0.log
npm ERR! Missing script: "start"
npm ERR! 
npm ERR! Did you mean one of these?
npm ERR!     npm star # Mark your favorite packages
npm ERR!     npm stars # View packages marked as favorites
npm ERR! 
npm ERR! To see a list of scripts, run:
npm ERR!   npm run

npm ERR! A complete log of this run can be found in:
npm ERR!     /home/admin/.npm/_logs/2024-04-10T15_27_16_941Z-debug-0.log
npm ERR! Missing script: "start"
npm ERR! 
npm ERR! Did you mean one of these?
npm ERR!     npm star # Mark your favorite packages
npm ERR!     npm stars # View packages marked as favorites
npm ERR! 
npm ERR! To see a list of scripts, run:
npm ERR!   npm run

npm ERR! A complete log of this run can be found in:
npm ERR!     /home/admin/.npm/_logs/2024-04-10T15_27_17_637Z-debug-0.log
npm ERR! Missing script: "start"
npm ERR! 
npm ERR! Did you mean one of these?
npm ERR!     npm star # Mark your favorite packages
npm ERR!     npm stars # View packages marked as favorites
npm ERR! 
npm ERR! To see a list of scripts, run:
npm ERR!   npm run

npm ERR! A complete log of this run can be found in:
npm ERR!     /home/admin/.npm/_logs/2024-04-10T15_27_18_328Z-debug-0.log
npm ERR! Missing script: "start"
npm ERR! 
npm ERR! Did you mean one of these?
npm ERR!     npm star # Mark your favorite packages
npm ERR!     npm stars # View packages marked as favorites
npm ERR! 
npm ERR! To see a list of scripts, run:
npm ERR!   npm run

npm ERR! A complete log of this run can be found in:
npm ERR!     /home/admin/.npm/_logs/2024-04-10T15_27_19_093Z-debug-0.log
npm ERR! Missing script: "start"
npm ERR! 
npm ERR! Did you mean one of these?
npm ERR!     npm star # Mark your favorite packages
npm ERR!     npm stars # View packages marked as favorites
npm ERR! 
npm ERR! To see a list of scripts, run:
npm ERR!   npm run

npm ERR! A complete log of this run can be found in:
npm ERR!     /home/admin/.npm/_logs/2024-04-10T15_43_26_907Z-debug-0.log
npm ERR! Missing script: "start"
npm ERR! 
npm ERR! Did you mean one of these?
npm ERR!     npm star # Mark your favorite packages
npm ERR!     npm stars # View packages marked as favorites
npm ERR! 
npm ERR! To see a list of scripts, run:
npm ERR!   npm run

npm ERR! A complete log of this run can be found in:
npm ERR!     /home/admin/.npm/_logs/2024-04-10T15_43_27_550Z-debug-0.log
npm ERR! Missing script: "start"
npm ERR! 
npm ERR! Did you mean one of these?
npm ERR!     npm star # Mark your favorite packages
npm ERR!     npm stars # View packages marked as favorites
npm ERR! 
npm ERR! To see a list of scripts, run:
npm ERR!   npm run

npm ERR! A complete log of this run can be found in:
npm ERR!     /home/admin/.npm/_logs/2024-04-10T15_43_28_188Z-debug-0.log
npm ERR! Missing script: "start"
npm ERR! 
npm ERR! Did you mean one of these?
npm ERR!     npm star # Mark your favorite packages
npm ERR!     npm stars # View packages marked as favorites
npm ERR! 
npm ERR! To see a list of scripts, run:
npm ERR!   npm run

npm ERR! A complete log of this run can be found in:
npm ERR!     /home/admin/.npm/_logs/2024-04-10T15_43_28_817Z-debug-0.log
npm ERR! Missing script: "start"
npm ERR! 
npm ERR! Did you mean one of these?
npm ERR!     npm star # Mark your favorite packages
npm ERR!     npm stars # View packages marked as favorites
npm ERR! 
npm ERR! To see a list of scripts, run:
npm ERR!   npm run

npm ERR! A complete log of this run can be found in:
npm ERR!     /home/admin/.npm/_logs/2024-04-10T15_43_29_440Z-debug-0.log
npm ERR! Missing script: "start"
npm ERR! 
npm ERR! Did you mean one of these?
npm ERR!     npm star # Mark your favorite packages
npm ERR!     npm stars # View packages marked as favorites
npm ERR! 
npm ERR! To see a list of scripts, run:
npm ERR!   npm run

npm ERR! A complete log of this run can be found in:
npm ERR!     /home/admin/.npm/_logs/2024-04-10T15_43_30_044Z-debug-0.log
npm ERR! Missing script: "start"
npm ERR! 
npm ERR! Did you mean one of these?
npm ERR!     npm star # Mark your favorite packages
npm ERR!     npm stars # View packages marked as favorites
npm ERR! 
npm ERR! To see a list of scripts, run:
npm ERR!   npm run

npm ERR! A complete log of this run can be found in:
npm ERR!     /home/admin/.npm/_logs/2024-04-10T15_43_30_706Z-debug-0.log
npm ERR! Missing script: "start"
npm ERR! 
npm ERR! Did you mean one of these?
npm ERR!     npm star # Mark your favorite packages
npm ERR!     npm stars # View packages marked as favorites
npm ERR! 
npm ERR! To see a list of scripts, run:
npm ERR!   npm run

npm ERR! A complete log of this run can be found in:
npm ERR!     /home/admin/.npm/_logs/2024-04-10T15_43_31_384Z-debug-0.log
npm ERR! Missing script: "start"
npm ERR! 
npm ERR! Did you mean one of these?
npm ERR!     npm star # Mark your favorite packages
npm ERR!     npm stars # View packages marked as favorites
npm ERR! 
npm ERR! To see a list of scripts, run:
npm ERR!   npm run

npm ERR! A complete log of this run can be found in:
npm ERR!     /home/admin/.npm/_logs/2024-04-10T15_43_32_097Z-debug-0.log
npm ERR! Missing script: "start"
npm ERR! 
npm ERR! Did you mean one of these?
npm ERR!     npm star # Mark your favorite packages
npm ERR!     npm stars # View packages marked as favorites
npm ERR! 
npm ERR! To see a list of scripts, run:
npm ERR!   npm run

npm ERR! A complete log of this run can be found in:
npm ERR!     /home/admin/.npm/_logs/2024-04-10T15_43_32_759Z-debug-0.log
npm ERR! Missing script: "start"
npm ERR! 
npm ERR! Did you mean one of these?
npm ERR!     npm star # Mark your favorite packages
npm ERR!     npm stars # View packages marked as favorites
npm ERR! 
npm ERR! To see a list of scripts, run:
npm ERR!   npm run

npm ERR! A complete log of this run can be found in:
npm ERR!     /home/admin/.npm/_logs/2024-04-10T15_43_33_434Z-debug-0.log
npm ERR! Missing script: "start"
npm ERR! 
npm ERR! Did you mean one of these?
npm ERR!     npm star # Mark your favorite packages
npm ERR!     npm stars # View packages marked as favorites
npm ERR! 
npm ERR! To see a list of scripts, run:
npm ERR!   npm run

npm ERR! A complete log of this run can be found in:
npm ERR!     /home/admin/.npm/_logs/2024-04-10T15_43_34_223Z-debug-0.log
npm ERR! Missing script: "start"
npm ERR! 
npm ERR! Did you mean one of these?
npm ERR!     npm star # Mark your favorite packages
npm ERR!     npm stars # View packages marked as favorites
npm ERR! 
npm ERR! To see a list of scripts, run:
npm ERR!   npm run

npm ERR! A complete log of this run can be found in:
npm ERR!     /home/admin/.npm/_logs/2024-04-10T15_43_34_938Z-debug-0.log
npm ERR! Missing script: "start"
npm ERR! 
npm ERR! Did you mean one of these?
npm ERR!     npm star # Mark your favorite packages
npm ERR!     npm stars # View packages marked as favorites
npm ERR! 
npm ERR! To see a list of scripts, run:
npm ERR!   npm run

npm ERR! A complete log of this run can be found in:
npm ERR!     /home/admin/.npm/_logs/2024-04-10T15_43_35_650Z-debug-0.log
npm ERR! Missing script: "start"
npm ERR! 
npm ERR! Did you mean one of these?
npm ERR!     npm star # Mark your favorite packages
npm ERR!     npm stars # View packages marked as favorites
npm ERR! 
npm ERR! To see a list of scripts, run:
npm ERR!   npm run

npm ERR! A complete log of this run can be found in:
npm ERR!     /home/admin/.npm/_logs/2024-04-10T15_43_36_351Z-debug-0.log
npm ERR! Missing script: "start"
npm ERR! 
npm ERR! Did you mean one of these?
npm ERR!     npm star # Mark your favorite packages
npm ERR!     npm stars # View packages marked as favorites
npm ERR! 
npm ERR! To see a list of scripts, run:
npm ERR!   npm run

npm ERR! A complete log of this run can be found in:
npm ERR!     /home/admin/.npm/_logs/2024-04-10T15_43_37_082Z-debug-0.log
npm ERR! Missing script: "start"
npm ERR! 
npm ERR! Did you mean one of these?
npm ERR!     npm star # Mark your favorite packages
npm ERR!     npm stars # View packages marked as favorites
npm ERR! 
npm ERR! To see a list of scripts, run:
npm ERR!   npm run

npm ERR! A complete log of this run can be found in:
npm ERR!     /home/admin/.npm/_logs/2024-04-10T15_44_33_762Z-debug-0.log
npm ERR! Missing script: "start"
npm ERR! 
npm ERR! Did you mean one of these?
npm ERR!     npm star # Mark your favorite packages
npm ERR!     npm stars # View packages marked as favorites
npm ERR! 
npm ERR! To see a list of scripts, run:
npm ERR!   npm run

npm ERR! A complete log of this run can be found in:
npm ERR!     /home/admin/.npm/_logs/2024-04-10T15_44_34_473Z-debug-0.log
npm ERR! Missing script: "start"
npm ERR! 
npm ERR! Did you mean one of these?
npm ERR!     npm star # Mark your favorite packages
npm ERR!     npm stars # View packages marked as favorites
npm ERR! 
npm ERR! To see a list of scripts, run:
npm ERR!   npm run

npm ERR! A complete log of this run can be found in:
npm ERR!     /home/admin/.npm/_logs/2024-04-10T15_44_35_159Z-debug-0.log
npm ERR! Missing script: "start"
npm ERR! 
npm ERR! Did you mean one of these?
npm ERR!     npm star # Mark your favorite packages
npm ERR!     npm stars # View packages marked as favorites
npm ERR! 
npm ERR! To see a list of scripts, run:
npm ERR!   npm run

npm ERR! A complete log of this run can be found in:
npm ERR!     /home/admin/.npm/_logs/2024-04-10T15_44_35_764Z-debug-0.log
npm ERR! Missing script: "start"
npm ERR! 
npm ERR! Did you mean one of these?
npm ERR!     npm star # Mark your favorite packages
npm ERR!     npm stars # View packages marked as favorites
npm ERR! 
npm ERR! To see a list of scripts, run:
npm ERR!   npm run

npm ERR! A complete log of this run can be found in:
npm ERR!     /home/admin/.npm/_logs/2024-04-10T15_44_36_431Z-debug-0.log
npm ERR! Missing script: "start"
npm ERR! 
npm ERR! Did you mean one of these?
npm ERR!     npm star # Mark your favorite packages
npm ERR!     npm stars # View packages marked as favorites
npm ERR! 
npm ERR! To see a list of scripts, run:
npm ERR!   npm run

npm ERR! A complete log of this run can be found in:
npm ERR!     /home/admin/.npm/_logs/2024-04-10T15_44_37_096Z-debug-0.log
npm ERR! Missing script: "start"
npm ERR! 
npm ERR! Did you mean one of these?
npm ERR!     npm star # Mark your favorite packages
npm ERR!     npm stars # View packages marked as favorites
npm ERR! 
npm ERR! To see a list of scripts, run:
npm ERR!   npm run

npm ERR! A complete log of this run can be found in:
npm ERR!     /home/admin/.npm/_logs/2024-04-10T15_44_37_727Z-debug-0.log
npm ERR! Missing script: "start"
npm ERR! 
npm ERR! Did you mean one of these?
npm ERR!     npm star # Mark your favorite packages
npm ERR!     npm stars # View packages marked as favorites
npm ERR! 
npm ERR! To see a list of scripts, run:
npm ERR!   npm run

npm ERR! A complete log of this run can be found in:
npm ERR!     /home/admin/.npm/_logs/2024-04-10T15_44_38_357Z-debug-0.log
npm ERR! Missing script: "start"
npm ERR! 
npm ERR! Did you mean one of these?
npm ERR!     npm star # Mark your favorite packages
npm ERR!     npm stars # View packages marked as favorites
npm ERR! 
npm ERR! To see a list of scripts, run:
npm ERR!   npm run

npm ERR! A complete log of this run can be found in:
npm ERR!     /home/admin/.npm/_logs/2024-04-10T15_44_39_032Z-debug-0.log
npm ERR! Missing script: "start"
npm ERR! 
npm ERR! Did you mean one of these?
npm ERR!     npm star # Mark your favorite packages
npm ERR!     npm stars # View packages marked as favorites
npm ERR! 
npm ERR! To see a list of scripts, run:
npm ERR!   npm run

npm ERR! A complete log of this run can be found in:
npm ERR!     /home/admin/.npm/_logs/2024-04-10T15_44_39_711Z-debug-0.log
npm ERR! Missing script: "start"
npm ERR! 
npm ERR! Did you mean one of these?
npm ERR!     npm star # Mark your favorite packages
npm ERR!     npm stars # View packages marked as favorites
npm ERR! 
npm ERR! To see a list of scripts, run:
npm ERR!   npm run

npm ERR! A complete log of this run can be found in:
npm ERR!     /home/admin/.npm/_logs/2024-04-10T15_44_40_437Z-debug-0.log
npm ERR! Missing script: "start"
npm ERR! 
npm ERR! Did you mean one of these?
npm ERR!     npm star # Mark your favorite packages
npm ERR!     npm stars # View packages marked as favorites
npm ERR! 
npm ERR! To see a list of scripts, run:
npm ERR!   npm run

npm ERR! A complete log of this run can be found in:
npm ERR!     /home/admin/.npm/_logs/2024-04-10T15_44_41_133Z-debug-0.log
npm ERR! Missing script: "start"
npm ERR! 
npm ERR! Did you mean one of these?
npm ERR!     npm star # Mark your favorite packages
npm ERR!     npm stars # View packages marked as favorites
npm ERR! 
npm ERR! To see a list of scripts, run:
npm ERR!   npm run

npm ERR! A complete log of this run can be found in:
npm ERR!     /home/admin/.npm/_logs/2024-04-10T15_44_41_839Z-debug-0.log
npm ERR! Missing script: "start"
npm ERR! 
npm ERR! Did you mean one of these?
npm ERR!     npm star # Mark your favorite packages
npm ERR!     npm stars # View packages marked as favorites
npm ERR! 
npm ERR! To see a list of scripts, run:
npm ERR!   npm run

npm ERR! A complete log of this run can be found in:
npm ERR!     /home/admin/.npm/_logs/2024-04-10T15_44_42_511Z-debug-0.log
npm ERR! Missing script: "start"
npm ERR! 
npm ERR! Did you mean one of these?
npm ERR!     npm star # Mark your favorite packages
npm ERR!     npm stars # View packages marked as favorites
npm ERR! 
npm ERR! To see a list of scripts, run:
npm ERR!   npm run

npm ERR! A complete log of this run can be found in:
npm ERR!     /home/admin/.npm/_logs/2024-04-10T15_44_43_187Z-debug-0.log
npm ERR! Missing script: "start"
npm ERR! 
npm ERR! Did you mean one of these?
npm ERR!     npm star # Mark your favorite packages
npm ERR!     npm stars # View packages marked as favorites
npm ERR! 
npm ERR! To see a list of scripts, run:
npm ERR!   npm run

npm ERR! A complete log of this run can be found in:
npm ERR!     /home/admin/.npm/_logs/2024-04-10T15_44_43_818Z-debug-0.log
