Error: listen EADDRINUSE: address already in use :::3000
    at Server.setupListenHandle [as _listen2] (net.js:1310:16)
    at listenInCluster (net.js:1358:12)
    at Server.listen (net.js:1444:7)
    at Function.listen (/home/robixeapi/htdocs/api.robixe.online/node_modules/express/lib/application.js:635:24)
    at Object.<anonymous> (/home/robixeapi/htdocs/api.robixe.online/index.js:48:5)
    at Module._compile (internal/modules/cjs/loader.js:999:30)
    at Object.Module._extensions..js (internal/modules/cjs/loader.js:1027:10)
    at Module.load (internal/modules/cjs/loader.js:863:32)
    at Function.Module._load (internal/modules/cjs/loader.js:708:14)
    at Object.<anonymous> (/usr/local/lib/node_modules/pm2/lib/ProcessContainerFork.js:33:23) {
  code: 'EADDRINUSE',
  errno: 'EADDRINUSE',
  syscall: 'listen',
  address: '::',
  port: 3000
}
Error: listen EADDRINUSE: address already in use :::3000
    at Server.setupListenHandle [as _listen2] (net.js:1310:16)
    at listenInCluster (net.js:1358:12)
    at Server.listen (net.js:1444:7)
    at Function.listen (/home/robixeapi/htdocs/api.robixe.online/node_modules/express/lib/application.js:635:24)
    at Object.<anonymous> (/home/robixeapi/htdocs/api.robixe.online/index.js:48:5)
    at Module._compile (internal/modules/cjs/loader.js:999:30)
    at Object.Module._extensions..js (internal/modules/cjs/loader.js:1027:10)
    at Module.load (internal/modules/cjs/loader.js:863:32)
    at Function.Module._load (internal/modules/cjs/loader.js:708:14)
    at Object.<anonymous> (/usr/local/lib/node_modules/pm2/lib/ProcessContainerFork.js:33:23) {
  code: 'EADDRINUSE',
  errno: 'EADDRINUSE',
  syscall: 'listen',
  address: '::',
  port: 3000
}
Error: listen EADDRINUSE: address already in use :::3000
    at Server.setupListenHandle [as _listen2] (net.js:1310:16)
    at listenInCluster (net.js:1358:12)
    at Server.listen (net.js:1444:7)
    at Function.listen (/home/robixeapi/htdocs/api.robixe.online/node_modules/express/lib/application.js:635:24)
    at Object.<anonymous> (/home/robixeapi/htdocs/api.robixe.online/index.js:48:5)
    at Module._compile (internal/modules/cjs/loader.js:999:30)
    at Object.Module._extensions..js (internal/modules/cjs/loader.js:1027:10)
    at Module.load (internal/modules/cjs/loader.js:863:32)
    at Function.Module._load (internal/modules/cjs/loader.js:708:14)
    at Object.<anonymous> (/usr/local/lib/node_modules/pm2/lib/ProcessContainerFork.js:33:23) {
  code: 'EADDRINUSE',
  errno: 'EADDRINUSE',
  syscall: 'listen',
  address: '::',
  port: 3000
}
Error: listen EADDRINUSE: address already in use :::3000
    at Server.setupListenHandle [as _listen2] (net.js:1310:16)
    at listenInCluster (net.js:1358:12)
    at Server.listen (net.js:1444:7)
    at Function.listen (/home/robixeapi/htdocs/api.robixe.online/node_modules/express/lib/application.js:635:24)
    at Object.<anonymous> (/home/robixeapi/htdocs/api.robixe.online/index.js:48:5)
    at Module._compile (internal/modules/cjs/loader.js:999:30)
    at Object.Module._extensions..js (internal/modules/cjs/loader.js:1027:10)
    at Module.load (internal/modules/cjs/loader.js:863:32)
    at Function.Module._load (internal/modules/cjs/loader.js:708:14)
    at Object.<anonymous> (/usr/local/lib/node_modules/pm2/lib/ProcessContainerFork.js:33:23) {
  code: 'EADDRINUSE',
  errno: 'EADDRINUSE',
  syscall: 'listen',
  address: '::',
  port: 3000
}
Error: listen EADDRINUSE: address already in use :::3000
    at Server.setupListenHandle [as _listen2] (net.js:1310:16)
    at listenInCluster (net.js:1358:12)
    at Server.listen (net.js:1444:7)
    at Function.listen (/home/robixeapi/htdocs/api.robixe.online/node_modules/express/lib/application.js:635:24)
    at Object.<anonymous> (/home/robixeapi/htdocs/api.robixe.online/index.js:48:5)
    at Module._compile (internal/modules/cjs/loader.js:999:30)
    at Object.Module._extensions..js (internal/modules/cjs/loader.js:1027:10)
    at Module.load (internal/modules/cjs/loader.js:863:32)
    at Function.Module._load (internal/modules/cjs/loader.js:708:14)
    at Object.<anonymous> (/usr/local/lib/node_modules/pm2/lib/ProcessContainerFork.js:33:23) {
  code: 'EADDRINUSE',
  errno: 'EADDRINUSE',
  syscall: 'listen',
  address: '::',
  port: 3000
}
Error: listen EADDRINUSE: address already in use :::3000
    at Server.setupListenHandle [as _listen2] (net.js:1310:16)
    at listenInCluster (net.js:1358:12)
    at Server.listen (net.js:1444:7)
    at Function.listen (/home/robixeapi/htdocs/api.robixe.online/node_modules/express/lib/application.js:635:24)
    at Object.<anonymous> (/home/robixeapi/htdocs/api.robixe.online/index.js:48:5)
    at Module._compile (internal/modules/cjs/loader.js:999:30)
    at Object.Module._extensions..js (internal/modules/cjs/loader.js:1027:10)
    at Module.load (internal/modules/cjs/loader.js:863:32)
    at Function.Module._load (internal/modules/cjs/loader.js:708:14)
    at Object.<anonymous> (/usr/local/lib/node_modules/pm2/lib/ProcessContainerFork.js:33:23) {
  code: 'EADDRINUSE',
  errno: 'EADDRINUSE',
  syscall: 'listen',
  address: '::',
  port: 3000
}
Error: listen EADDRINUSE: address already in use :::3000
    at Server.setupListenHandle [as _listen2] (net.js:1310:16)
    at listenInCluster (net.js:1358:12)
    at Server.listen (net.js:1444:7)
    at Function.listen (/home/robixeapi/htdocs/api.robixe.online/node_modules/express/lib/application.js:635:24)
    at Object.<anonymous> (/home/robixeapi/htdocs/api.robixe.online/index.js:48:5)
    at Module._compile (internal/modules/cjs/loader.js:999:30)
    at Object.Module._extensions..js (internal/modules/cjs/loader.js:1027:10)
    at Module.load (internal/modules/cjs/loader.js:863:32)
    at Function.Module._load (internal/modules/cjs/loader.js:708:14)
    at Object.<anonymous> (/usr/local/lib/node_modules/pm2/lib/ProcessContainerFork.js:33:23) {
  code: 'EADDRINUSE',
  errno: 'EADDRINUSE',
  syscall: 'listen',
  address: '::',
  port: 3000
}
Error: listen EADDRINUSE: address already in use :::3000
    at Server.setupListenHandle [as _listen2] (net.js:1310:16)
    at listenInCluster (net.js:1358:12)
    at Server.listen (net.js:1444:7)
    at Function.listen (/home/robixeapi/htdocs/api.robixe.online/node_modules/express/lib/application.js:635:24)
    at Object.<anonymous> (/home/robixeapi/htdocs/api.robixe.online/index.js:48:5)
    at Module._compile (internal/modules/cjs/loader.js:999:30)
    at Object.Module._extensions..js (internal/modules/cjs/loader.js:1027:10)
    at Module.load (internal/modules/cjs/loader.js:863:32)
    at Function.Module._load (internal/modules/cjs/loader.js:708:14)
    at Object.<anonymous> (/usr/local/lib/node_modules/pm2/lib/ProcessContainerFork.js:33:23) {
  code: 'EADDRINUSE',
  errno: 'EADDRINUSE',
  syscall: 'listen',
  address: '::',
  port: 3000
}
Error: listen EADDRINUSE: address already in use :::3000
    at Server.setupListenHandle [as _listen2] (net.js:1310:16)
    at listenInCluster (net.js:1358:12)
    at Server.listen (net.js:1444:7)
    at Function.listen (/home/robixeapi/htdocs/api.robixe.online/node_modules/express/lib/application.js:635:24)
    at Object.<anonymous> (/home/robixeapi/htdocs/api.robixe.online/index.js:48:5)
    at Module._compile (internal/modules/cjs/loader.js:999:30)
    at Object.Module._extensions..js (internal/modules/cjs/loader.js:1027:10)
    at Module.load (internal/modules/cjs/loader.js:863:32)
    at Function.Module._load (internal/modules/cjs/loader.js:708:14)
    at Object.<anonymous> (/usr/local/lib/node_modules/pm2/lib/ProcessContainerFork.js:33:23) {
  code: 'EADDRINUSE',
  errno: 'EADDRINUSE',
  syscall: 'listen',
  address: '::',
  port: 3000
}
Error: listen EADDRINUSE: address already in use :::3000
    at Server.setupListenHandle [as _listen2] (net.js:1310:16)
    at listenInCluster (net.js:1358:12)
    at Server.listen (net.js:1444:7)
    at Function.listen (/home/robixeapi/htdocs/api.robixe.online/node_modules/express/lib/application.js:635:24)
    at Object.<anonymous> (/home/robixeapi/htdocs/api.robixe.online/index.js:48:5)
    at Module._compile (internal/modules/cjs/loader.js:999:30)
    at Object.Module._extensions..js (internal/modules/cjs/loader.js:1027:10)
    at Module.load (internal/modules/cjs/loader.js:863:32)
    at Function.Module._load (internal/modules/cjs/loader.js:708:14)
    at Object.<anonymous> (/usr/local/lib/node_modules/pm2/lib/ProcessContainerFork.js:33:23) {
  code: 'EADDRINUSE',
  errno: 'EADDRINUSE',
  syscall: 'listen',
  address: '::',
  port: 3000
}
Error: listen EADDRINUSE: address already in use :::3000
    at Server.setupListenHandle [as _listen2] (net.js:1310:16)
    at listenInCluster (net.js:1358:12)
    at Server.listen (net.js:1444:7)
    at Function.listen (/home/robixeapi/htdocs/api.robixe.online/node_modules/express/lib/application.js:635:24)
    at Object.<anonymous> (/home/robixeapi/htdocs/api.robixe.online/index.js:48:5)
    at Module._compile (internal/modules/cjs/loader.js:999:30)
    at Object.Module._extensions..js (internal/modules/cjs/loader.js:1027:10)
    at Module.load (internal/modules/cjs/loader.js:863:32)
    at Function.Module._load (internal/modules/cjs/loader.js:708:14)
    at Object.<anonymous> (/usr/local/lib/node_modules/pm2/lib/ProcessContainerFork.js:33:23) {
  code: 'EADDRINUSE',
  errno: 'EADDRINUSE',
  syscall: 'listen',
  address: '::',
  port: 3000
}
Error: listen EADDRINUSE: address already in use :::3000
    at Server.setupListenHandle [as _listen2] (net.js:1310:16)
    at listenInCluster (net.js:1358:12)
    at Server.listen (net.js:1444:7)
    at Function.listen (/home/robixeapi/htdocs/api.robixe.online/node_modules/express/lib/application.js:635:24)
    at Object.<anonymous> (/home/robixeapi/htdocs/api.robixe.online/index.js:48:5)
    at Module._compile (internal/modules/cjs/loader.js:999:30)
    at Object.Module._extensions..js (internal/modules/cjs/loader.js:1027:10)
    at Module.load (internal/modules/cjs/loader.js:863:32)
    at Function.Module._load (internal/modules/cjs/loader.js:708:14)
    at Object.<anonymous> (/usr/local/lib/node_modules/pm2/lib/ProcessContainerFork.js:33:23) {
  code: 'EADDRINUSE',
  errno: 'EADDRINUSE',
  syscall: 'listen',
  address: '::',
  port: 3000
}
Error: listen EADDRINUSE: address already in use :::3000
    at Server.setupListenHandle [as _listen2] (net.js:1310:16)
    at listenInCluster (net.js:1358:12)
    at Server.listen (net.js:1444:7)
    at Function.listen (/home/robixeapi/htdocs/api.robixe.online/node_modules/express/lib/application.js:635:24)
    at Object.<anonymous> (/home/robixeapi/htdocs/api.robixe.online/index.js:48:5)
    at Module._compile (internal/modules/cjs/loader.js:999:30)
    at Object.Module._extensions..js (internal/modules/cjs/loader.js:1027:10)
    at Module.load (internal/modules/cjs/loader.js:863:32)
    at Function.Module._load (internal/modules/cjs/loader.js:708:14)
    at Object.<anonymous> (/usr/local/lib/node_modules/pm2/lib/ProcessContainerFork.js:33:23) {
  code: 'EADDRINUSE',
  errno: 'EADDRINUSE',
  syscall: 'listen',
  address: '::',
  port: 3000
}
Error: listen EADDRINUSE: address already in use :::3000
    at Server.setupListenHandle [as _listen2] (net.js:1310:16)
    at listenInCluster (net.js:1358:12)
    at Server.listen (net.js:1444:7)
    at Function.listen (/home/robixeapi/htdocs/api.robixe.online/node_modules/express/lib/application.js:635:24)
    at Object.<anonymous> (/home/robixeapi/htdocs/api.robixe.online/index.js:48:5)
    at Module._compile (internal/modules/cjs/loader.js:999:30)
    at Object.Module._extensions..js (internal/modules/cjs/loader.js:1027:10)
    at Module.load (internal/modules/cjs/loader.js:863:32)
    at Function.Module._load (internal/modules/cjs/loader.js:708:14)
    at Object.<anonymous> (/usr/local/lib/node_modules/pm2/lib/ProcessContainerFork.js:33:23) {
  code: 'EADDRINUSE',
  errno: 'EADDRINUSE',
  syscall: 'listen',
  address: '::',
  port: 3000
}
Error: listen EADDRINUSE: address already in use :::3000
    at Server.setupListenHandle [as _listen2] (net.js:1310:16)
    at listenInCluster (net.js:1358:12)
    at Server.listen (net.js:1444:7)
    at Function.listen (/home/robixeapi/htdocs/api.robixe.online/node_modules/express/lib/application.js:635:24)
    at Object.<anonymous> (/home/robixeapi/htdocs/api.robixe.online/index.js:48:5)
    at Module._compile (internal/modules/cjs/loader.js:999:30)
    at Object.Module._extensions..js (internal/modules/cjs/loader.js:1027:10)
    at Module.load (internal/modules/cjs/loader.js:863:32)
    at Function.Module._load (internal/modules/cjs/loader.js:708:14)
    at Object.<anonymous> (/usr/local/lib/node_modules/pm2/lib/ProcessContainerFork.js:33:23) {
  code: 'EADDRINUSE',
  errno: 'EADDRINUSE',
  syscall: 'listen',
  address: '::',
  port: 3000
}
Error: listen EADDRINUSE: address already in use :::3000
    at Server.setupListenHandle [as _listen2] (net.js:1310:16)
    at listenInCluster (net.js:1358:12)
    at Server.listen (net.js:1444:7)
    at Function.listen (/home/robixeapi/htdocs/api.robixe.online/node_modules/express/lib/application.js:635:24)
    at Object.<anonymous> (/home/robixeapi/htdocs/api.robixe.online/index.js:48:5)
    at Module._compile (internal/modules/cjs/loader.js:999:30)
    at Object.Module._extensions..js (internal/modules/cjs/loader.js:1027:10)
    at Module.load (internal/modules/cjs/loader.js:863:32)
    at Function.Module._load (internal/modules/cjs/loader.js:708:14)
    at Object.<anonymous> (/usr/local/lib/node_modules/pm2/lib/ProcessContainerFork.js:33:23) {
  code: 'EADDRINUSE',
  errno: 'EADDRINUSE',
  syscall: 'listen',
  address: '::',
  port: 3000
}
