0 verbose cli [
0 verbose cli   '/usr/bin/node',
0 verbose cli   '/usr/bin/npm',
0 verbose cli   'install',
0 verbose cli   '--ignore-scripts',
0 verbose cli   '@types/jsonwebtoken@ts5.4',
0 verbose cli   '@types/jws@ts5.4',
0 verbose cli   '@types/lodash.includes@ts5.4',
0 verbose cli   '@types/lodash.isboolean@ts5.4',
0 verbose cli   '@types/lodash.isinteger@ts5.4',
0 verbose cli   '@types/lodash.isnumber@ts5.4',
0 verbose cli   '@types/lodash.isplainobject@ts5.4',
0 verbose cli   '@types/lodash.isstring@ts5.4',
0 verbose cli   '@types/lodash.once@ts5.4',
0 verbose cli   '--save-dev',
0 verbose cli   '--user-agent=typesInstaller/5.4.5'
0 verbose cli ]
1 info using npm@8.5.1
2 info using node@v12.22.9
3 timing npm:load:whichnode Completed in 0ms
4 timing config:load:defaults Completed in 2ms
5 timing config:load:file:/usr/share/nodejs/npm/npmrc Completed in 4ms
6 timing config:load:builtin Completed in 4ms
7 timing config:load:cli Completed in 3ms
8 timing config:load:env Completed in 0ms
9 timing config:load:file:/home/admin/.cache/typescript/5.4/.npmrc Completed in 0ms
10 timing config:load:project Completed in 5ms
11 timing config:load:file:/home/admin/.npmrc Completed in 0ms
12 timing config:load:user Completed in 0ms
13 timing config:load:file:/etc/npmrc Completed in 0ms
14 timing config:load:global Completed in 0ms
15 timing config:load:validate Completed in 0ms
16 timing config:load:credentials Completed in 1ms
17 timing config:load:setEnvs Completed in 2ms
18 timing config:load Completed in 18ms
19 timing npm:load:configload Completed in 18ms
20 timing npm:load:setTitle Completed in 1ms
21 timing config:load:flatten Completed in 4ms
22 timing npm:load:display Completed in 5ms
23 verbose logfile /home/admin/.npm/_logs/2024-04-14T15_00_18_424Z-debug-0.log
24 timing npm:load:logFile Completed in 7ms
25 timing npm:load:timers Completed in 0ms
26 timing npm:load:configScope Completed in 0ms
27 timing npm:load Completed in 33ms
28 timing arborist:ctor Completed in 2ms
29 silly logfile start cleaning logs, removing 1 files
30 timing idealTree:init Completed in 162ms
31 timing arborist:ctor Completed in 0ms
32 http fetch GET 200 https://registry.npmjs.org/@types%2flodash.isnumber 297ms (cache miss)
33 http fetch GET 200 https://registry.npmjs.org/@types%2flodash.isstring 297ms (cache miss)
34 http fetch GET 200 https://registry.npmjs.org/@types%2flodash.isboolean 306ms (cache miss)
35 http fetch GET 200 https://registry.npmjs.org/@types%2flodash.isinteger 305ms (cache miss)
36 http fetch GET 200 https://registry.npmjs.org/@types%2flodash.includes 309ms (cache miss)
37 http fetch GET 200 https://registry.npmjs.org/@types%2fjws 311ms (cache miss)
38 http fetch GET 200 https://registry.npmjs.org/@types%2flodash.isplainobject 304ms (cache miss)
39 http fetch GET 200 https://registry.npmjs.org/@types%2flodash.once 301ms (cache miss)
40 http fetch GET 200 https://registry.npmjs.org/@types%2fjsonwebtoken 322ms (cache miss)
41 timing idealTree:userRequests Completed in 358ms
42 silly idealTree buildDeps
43 silly fetch manifest @types/jsonwebtoken@9.0.6
44 silly fetch manifest @types/jws@3.2.10
45 silly fetch manifest @types/lodash.includes@4.3.9
46 silly fetch manifest @types/lodash.isboolean@3.0.9
47 silly fetch manifest @types/lodash.isinteger@4.0.9
48 silly fetch manifest @types/lodash.isnumber@3.0.9
49 silly fetch manifest @types/lodash.isplainobject@4.0.9
50 silly fetch manifest @types/lodash.isstring@4.0.9
51 silly fetch manifest @types/lodash.once@4.1.9
52 silly placeDep ROOT @types/jsonwebtoken@9.0.6 OK for:  want: 9.0.6
53 silly placeDep ROOT @types/jws@3.2.10 OK for:  want: 3.2.10
54 silly placeDep ROOT @types/lodash.includes@4.3.9 OK for:  want: 4.3.9
55 silly placeDep ROOT @types/lodash.isboolean@3.0.9 OK for:  want: 3.0.9
56 silly placeDep ROOT @types/lodash.isinteger@4.0.9 OK for:  want: 4.0.9
57 silly placeDep ROOT @types/lodash.isnumber@3.0.9 OK for:  want: 3.0.9
58 silly placeDep ROOT @types/lodash.isplainobject@4.0.9 OK for:  want: 4.0.9
59 silly placeDep ROOT @types/lodash.isstring@4.0.9 OK for:  want: 4.0.9
60 silly placeDep ROOT @types/lodash.once@4.1.9 OK for:  want: 4.1.9
61 timing idealTree:#root Completed in 32ms
62 timing idealTree:node_modules/@types/jsonwebtoken Completed in 0ms
63 timing idealTree:node_modules/@types/jws Completed in 0ms
64 timing idealTree:node_modules/@types/lodash.includes Completed in 0ms
65 timing idealTree:node_modules/@types/lodash.isboolean Completed in 0ms
66 timing idealTree:node_modules/@types/lodash.isinteger Completed in 0ms
67 timing idealTree:node_modules/@types/lodash.isnumber Completed in 0ms
68 timing idealTree:node_modules/@types/lodash.isplainobject Completed in 0ms
69 timing idealTree:node_modules/@types/lodash.isstring Completed in 0ms
70 timing idealTree:node_modules/@types/lodash.once Completed in 0ms
71 timing idealTree:buildDeps Completed in 36ms
72 timing idealTree:fixDepFlags Completed in 2ms
73 timing idealTree Completed in 561ms
74 timing reify:loadTrees Completed in 562ms
75 timing reify:diffTrees Completed in 5ms
76 silly reify moves {}
77 timing reify:retireShallow Completed in 0ms
78 timing reify:createSparse Completed in 3ms
79 timing reify:loadBundles Completed in 0ms
80 silly audit bulk request {
80 silly audit   '@types/abbrev': [ '1.1.5' ],
80 silly audit   '@types/accepts': [ '1.3.7' ],
80 silly audit   '@types/balanced-match': [ '3.0.2' ],
80 silly audit   '@types/body-parser': [ '1.19.5' ],
80 silly audit   '@types/boolbase': [ '1.0.3' ],
80 silly audit   '@types/brace-expansion': [ '1.1.2' ],
80 silly audit   '@types/braces': [ '3.0.4' ],
80 silly audit   '@types/bytes': [ '3.1.4' ],
80 silly audit   '@types/call-bind': [ '1.0.5' ],
80 silly audit   '@types/color-convert': [ '2.0.3' ],
80 silly audit   '@types/color-name': [ '1.1.3' ],
80 silly audit   '@types/concat-map': [ '0.0.3' ],
80 silly audit   '@types/connect': [ '3.4.38' ],
80 silly audit   '@types/content-disposition': [ '0.5.8' ],
80 silly audit   '@types/content-type': [ '1.1.8' ],
80 silly audit   '@types/cookie': [ '0.6.0' ],
80 silly audit   '@types/cookie-signature': [ '1.1.2' ],
80 silly audit   '@types/cors': [ '2.8.17' ],
80 silly audit   '@types/debug': [ '4.1.12' ],
80 silly audit   '@types/depd': [ '1.1.36' ],
80 silly audit   '@types/destroy': [ '1.0.3' ],
80 silly audit   '@types/ee-first': [ '1.1.3' ],
80 silly audit   '@types/encodeurl': [ '1.0.2' ],
80 silly audit   '@types/escape-html': [ '1.0.4' ],
80 silly audit   '@types/etag': [ '1.8.3' ],
80 silly audit   '@types/express': [ '4.17.21' ],
80 silly audit   '@types/express-serve-static-core': [ '4.19.0' ],
80 silly audit   '@types/fill-range': [ '7.0.3' ],
80 silly audit   '@types/finalhandler': [ '1.2.3' ],
80 silly audit   '@types/forwarded': [ '0.1.3' ],
80 silly audit   '@types/fresh': [ '0.5.2' ],
80 silly audit   '@types/function-bind': [ '1.1.10' ],
80 silly audit   '@types/get-intrinsic': [ '1.2.2' ],
80 silly audit   '@types/glob-parent': [ '5.1.3' ],
80 silly audit   '@types/gopd': [ '1.0.3' ],
80 silly audit   '@types/has-property-descriptors': [ '1.0.3' ],
80 silly audit   '@types/has-symbols': [ '1.0.2' ],
80 silly audit   '@types/http-errors': [ '2.0.4' ],
80 silly audit   '@types/ignore-by-default': [ '0.0.0' ],
80 silly audit   '@types/inherits': [ '0.0.33' ],
80 silly audit   '@types/is-extglob': [ '2.1.0' ],
80 silly audit   '@types/is-glob': [ '4.0.4' ],
80 silly audit   '@types/is-number': [ '7.0.5' ],
80 silly audit   '@types/lodash': [ '4.17.0' ],
80 silly audit   '@types/lodash.camelcase': [ '4.3.9' ],
80 silly audit   '@types/media-typer': [ '1.1.3' ],
80 silly audit   '@types/merge-descriptors': [ '1.0.3' ],
80 silly audit   '@types/methods': [ '1.1.4' ],
80 silly audit   '@types/mime': [ '3.0.4', '1.3.5' ],
80 silly audit   '@types/mime-db': [ '1.43.5' ],
80 silly audit   '@types/mime-types': [ '2.1.4' ],
80 silly audit   '@types/ms': [ '0.7.34' ],
80 silly audit   '@types/mysql': [ '2.15.26' ],
80 silly audit   '@types/negotiator': [ '0.6.3' ],
80 silly audit   '@types/node': [ '20.12.7' ],
80 silly audit   '@types/nodemon': [ '1.19.6' ],
80 silly audit   '@types/nopt': [ '3.0.32' ],
80 silly audit   '@types/normalize-path': [ '3.0.2' ],
80 silly audit   '@types/object-assign': [ '4.0.33' ],
80 silly audit   '@types/object-inspect': [ '1.13.0' ],
80 silly audit   '@types/on-finished': [ '2.3.4' ],
80 silly audit   '@types/parseurl': [ '1.3.3' ],
80 silly audit   '@types/picomatch': [ '2.3.3' ],
80 silly audit   '@types/proxy-addr': [ '2.0.3' ],
80 silly audit   '@types/qs': [ '6.9.14' ],
80 silly audit   '@types/range-parser': [ '1.2.7' ],
80 silly audit   '@types/require-directory': [ '2.1.6' ],
80 silly audit   '@types/safer-buffer': [ '2.1.3' ],
80 silly audit   '@types/semver': [ '7.5.8' ],
80 silly audit   '@types/send': [ '0.17.4' ],
80 silly audit   '@types/serve-static': [ '1.15.7' ],
80 silly audit   '@types/sqlstring': [ '2.3.2' ],
80 silly audit   '@types/statuses': [ '2.0.5' ],
80 silly audit   '@types/supports-color': [ '8.1.3' ],
80 silly audit   '@types/to-regex-range': [ '5.0.3' ],
80 silly audit   '@types/toidentifier': [ '1.0.2' ],
80 silly audit   '@types/touch': [ '3.1.5' ],
80 silly audit   '@types/type-is': [ '1.6.6' ],
80 silly audit   '@types/utils-merge': [ '0.0.31' ],
80 silly audit   '@types/vary': [ '1.1.3' ],
80 silly audit   '@types/yallist': [ '4.0.4' ],
80 silly audit   '@types/yargs': [ '17.0.32' ],
80 silly audit   '@types/yargs-parser': [ '21.0.3' ],
80 silly audit   'types-registry': [ '0.1.684' ],
80 silly audit   'undici-types': [ '5.26.5' ],
80 silly audit   '@types/jsonwebtoken': [ '9.0.6' ],
80 silly audit   '@types/jws': [ '3.2.10' ],
80 silly audit   '@types/lodash.includes': [ '4.3.9' ],
80 silly audit   '@types/lodash.isboolean': [ '3.0.9' ],
80 silly audit   '@types/lodash.isinteger': [ '4.0.9' ],
80 silly audit   '@types/lodash.isnumber': [ '3.0.9' ],
80 silly audit   '@types/lodash.isplainobject': [ '4.0.9' ],
80 silly audit   '@types/lodash.isstring': [ '4.0.9' ],
80 silly audit   '@types/lodash.once': [ '4.1.9' ]
80 silly audit }
81 silly tarball no local data for @types/lodash.isstring@https://registry.npmjs.org/@types/lodash.isstring/-/lodash.isstring-4.0.9.tgz. Extracting by manifest.
82 silly tarball no local data for @types/lodash.once@https://registry.npmjs.org/@types/lodash.once/-/lodash.once-4.1.9.tgz. Extracting by manifest.
83 silly tarball no local data for @types/lodash.isboolean@https://registry.npmjs.org/@types/lodash.isboolean/-/lodash.isboolean-3.0.9.tgz. Extracting by manifest.
84 silly tarball no local data for @types/jws@https://registry.npmjs.org/@types/jws/-/jws-3.2.10.tgz. Extracting by manifest.
85 silly tarball no local data for @types/lodash.isinteger@https://registry.npmjs.org/@types/lodash.isinteger/-/lodash.isinteger-4.0.9.tgz. Extracting by manifest.
86 silly tarball no local data for @types/lodash.includes@https://registry.npmjs.org/@types/lodash.includes/-/lodash.includes-4.3.9.tgz. Extracting by manifest.
87 silly tarball no local data for @types/lodash.isplainobject@https://registry.npmjs.org/@types/lodash.isplainobject/-/lodash.isplainobject-4.0.9.tgz. Extracting by manifest.
88 silly tarball no local data for @types/lodash.isnumber@https://registry.npmjs.org/@types/lodash.isnumber/-/lodash.isnumber-3.0.9.tgz. Extracting by manifest.
89 silly tarball no local data for @types/jsonwebtoken@https://registry.npmjs.org/@types/jsonwebtoken/-/jsonwebtoken-9.0.6.tgz. Extracting by manifest.
90 http fetch POST 200 https://registry.npmjs.org/-/npm/v1/security/advisories/bulk 202ms
91 timing auditReport:getReport Completed in 207ms
92 silly audit report {}
93 timing auditReport:init Completed in 0ms
94 timing reify:audit Completed in 208ms
95 http fetch GET 200 https://registry.npmjs.org/@types/jws/-/jws-3.2.10.tgz 172ms (cache miss)
96 timing reifyNode:node_modules/@types/jws Completed in 215ms
97 http fetch GET 200 https://registry.npmjs.org/@types/lodash.isstring/-/lodash.isstring-4.0.9.tgz 197ms (cache miss)
98 timing reifyNode:node_modules/@types/lodash.isstring Completed in 220ms
99 http fetch GET 200 https://registry.npmjs.org/@types/lodash.isboolean/-/lodash.isboolean-3.0.9.tgz 186ms (cache miss)
100 timing reifyNode:node_modules/@types/lodash.isboolean Completed in 226ms
101 http fetch GET 200 https://registry.npmjs.org/@types/lodash.isnumber/-/lodash.isnumber-3.0.9.tgz 164ms (cache miss)
102 timing reifyNode:node_modules/@types/lodash.isnumber Completed in 239ms
103 http fetch GET 200 https://registry.npmjs.org/@types/lodash.isplainobject/-/lodash.isplainobject-4.0.9.tgz 177ms (cache miss)
104 timing reifyNode:node_modules/@types/lodash.isplainobject Completed in 243ms
105 http fetch GET 200 https://registry.npmjs.org/@types/lodash.once/-/lodash.once-4.1.9.tgz 218ms (cache miss)
106 timing reifyNode:node_modules/@types/lodash.once Completed in 249ms
107 http fetch GET 200 https://registry.npmjs.org/@types/lodash.isinteger/-/lodash.isinteger-4.0.9.tgz 203ms (cache miss)
108 timing reifyNode:node_modules/@types/lodash.isinteger Completed in 253ms
109 http fetch GET 200 https://registry.npmjs.org/@types/lodash.includes/-/lodash.includes-4.3.9.tgz 209ms (cache miss)
110 timing reifyNode:node_modules/@types/lodash.includes Completed in 267ms
111 http fetch GET 200 https://registry.npmjs.org/@types/jsonwebtoken/-/jsonwebtoken-9.0.6.tgz 192ms (cache miss)
112 timing reifyNode:node_modules/@types/jsonwebtoken Completed in 279ms
113 timing reify:unpack Completed in 280ms
114 timing reify:unretire Completed in 0ms
115 timing build:queue Completed in 2ms
116 timing build:deps Completed in 3ms
117 timing build Completed in 3ms
118 timing reify:build Completed in 4ms
119 timing reify:trash Completed in 0ms
120 timing reify:save Completed in 83ms
121 timing reify Completed in 974ms
122 silly ADD node_modules/@types/lodash.once
123 silly ADD node_modules/@types/lodash.isstring
124 silly ADD node_modules/@types/lodash.isplainobject
125 silly ADD node_modules/@types/lodash.isnumber
126 silly ADD node_modules/@types/lodash.isinteger
127 silly ADD node_modules/@types/lodash.isboolean
128 silly ADD node_modules/@types/lodash.includes
129 silly ADD node_modules/@types/jws
130 silly ADD node_modules/@types/jsonwebtoken
131 timing command:install Completed in 983ms
132 verbose exit 0
133 timing npm Completed in 1297ms
134 info ok
